<?xml version="1.0" encoding="UTF-8"?>
<testng-results skipped="0" failed="0" total="1" passed="1">
  <reporter-output>
  </reporter-output>
  <suite name="Json data Test Suite" duration-ms="21213" started-at="2017-07-11T09:24:55Z" finished-at="2017-07-11T09:25:16Z">
    <groups>
    </groups>
    <test name="Macys data provider test" duration-ms="21213" started-at="2017-07-11T09:24:55Z" finished-at="2017-07-11T09:25:16Z">
      <class name="com.jsonasdataprovider.test.home.HomeTest">
        <test-method status="PASS" signature="setUpBeforeSuite(java.lang.String, java.lang.String, java.lang.String, java.lang.String)[pri:0, instance:com.jsonasdataprovider.test.home.HomeTest@498d318c]" name="setUpBeforeSuite" is-config="true" duration-ms="11" started-at="2017-07-11T14:54:55Z" finished-at="2017-07-11T14:54:55Z">
          <params>
            <param index="0">
              <value>
                <![CDATA[firefox]]>
              </value>
            </param>
            <param index="1">
              <value>
                <![CDATA[appium]]>
              </value>
            </param>
            <param index="2">
              <value>
                <![CDATA[http://www.google.com]]>
              </value>
            </param>
            <param index="3">
              <value>
                <![CDATA[androidAPP]]>
              </value>
            </param>
          </params>
          <reporter-output>
          </reporter-output>
        </test-method> <!-- setUpBeforeSuite -->
        <test-method status="PASS" signature="setupbeforeSuite(org.testng.ITestContext)[pri:0, instance:com.jsonasdataprovider.test.home.HomeTest@498d318c]" name="setupbeforeSuite" is-config="true" duration-ms="0" started-at="2017-07-11T14:54:55Z" depends-on-methods="com.jsonasdataprovider.base.page.JsonasDataProviderRunnnerbase.setUpBeforeSuite" finished-at="2017-07-11T14:54:55Z">
          <params>
            <param index="0">
              <value>
                <![CDATA[org.testng.TestRunner@293d0107]]>
              </value>
            </param>
          </params>
          <reporter-output>
          </reporter-output>
        </test-method> <!-- setupbeforeSuite -->
        <test-method status="PASS" signature="connectedtoDB()[pri:0, instance:com.jsonasdataprovider.test.home.HomeTest@498d318c]" name="connectedtoDB" is-config="true" duration-ms="0" started-at="2017-07-11T14:54:55Z" finished-at="2017-07-11T14:54:55Z">
          <reporter-output>
          </reporter-output>
        </test-method> <!-- connectedtoDB -->
        <test-method status="PASS" signature="beforemethodsetup()[pri:0, instance:com.jsonasdataprovider.test.home.HomeTest@498d318c]" name="beforemethodsetup" is-config="true" duration-ms="20815" started-at="2017-07-11T14:54:55Z" finished-at="2017-07-11T14:55:16Z">
          <reporter-output>
          </reporter-output>
        </test-method> <!-- beforemethodsetup -->
        <test-method status="PASS" signature="testExtent()[pri:0, instance:com.jsonasdataprovider.test.home.HomeTest@498d318c]" name="testExtent" duration-ms="6" started-at="2017-07-11T14:55:16Z" finished-at="2017-07-11T14:55:16Z">
          <reporter-output>
          </reporter-output>
        </test-method> <!-- testExtent -->
        <test-method status="PASS" signature="aftermethod()[pri:0, instance:com.jsonasdataprovider.test.home.HomeTest@498d318c]" name="aftermethod" is-config="true" duration-ms="383" started-at="2017-07-11T14:55:16Z" finished-at="2017-07-11T14:55:16Z">
          <reporter-output>
          </reporter-output>
        </test-method> <!-- aftermethod -->
        <test-method status="PASS" signature="aftermethodsetup()[pri:0, instance:com.jsonasdataprovider.test.home.HomeTest@498d318c]" name="aftermethodsetup" is-config="true" duration-ms="1523" started-at="2017-07-11T14:55:16Z" finished-at="2017-07-11T14:55:18Z">
          <reporter-output>
          </reporter-output>
        </test-method> <!-- aftermethodsetup -->
      </class> <!-- com.jsonasdataprovider.test.home.HomeTest -->
    </test> <!-- Macys data provider test -->
  </suite> <!-- Json data Test Suite -->
</testng-results>
