<?xml version="1.0" encoding="UTF-8"?>
<testng-results skipped="0" failed="0" total="1" passed="1">
  <reporter-output>
  </reporter-output>
  <suite name="Json data Test Suite" duration-ms="28707" started-at="2017-07-05T10:13:33Z" finished-at="2017-07-05T10:14:02Z">
    <groups>
    </groups>
    <test name="Macys data provider test" duration-ms="28707" started-at="2017-07-05T10:13:33Z" finished-at="2017-07-05T10:14:02Z">
      <class name="com.jsonasdataprovider.test.home.HomeTest">
        <test-method status="PASS" signature="setUpBeforeSuite(java.lang.String, java.lang.String, java.lang.String, java.lang.String)[pri:0, instance:com.jsonasdataprovider.test.home.HomeTest@2a65fe7c]" name="setUpBeforeSuite" is-config="true" duration-ms="8" started-at="2017-07-05T15:43:33Z" finished-at="2017-07-05T15:43:33Z">
          <params>
            <param index="0">
              <value>
                <![CDATA[firefox]]>
              </value>
            </param>
            <param index="1">
              <value>
                <![CDATA[appium]]>
              </value>
            </param>
            <param index="2">
              <value>
                <![CDATA[http://www.google.com]]>
              </value>
            </param>
            <param index="3">
              <value>
                <![CDATA[androidAPP]]>
              </value>
            </param>
          </params>
          <reporter-output>
          </reporter-output>
        </test-method> <!-- setUpBeforeSuite -->
        <test-method status="PASS" signature="setupbeforeSuite(org.testng.ITestContext)[pri:0, instance:com.jsonasdataprovider.test.home.HomeTest@2a65fe7c]" name="setupbeforeSuite" is-config="true" duration-ms="0" started-at="2017-07-05T15:43:33Z" depends-on-methods="com.jsonasdataprovider.base.page.JsonasDataProviderRunnnerbase.setUpBeforeSuite" finished-at="2017-07-05T15:43:33Z">
          <params>
            <param index="0">
              <value>
                <![CDATA[org.testng.TestRunner@c7a975a]]>
              </value>
            </param>
          </params>
          <reporter-output>
          </reporter-output>
        </test-method> <!-- setupbeforeSuite -->
        <test-method status="PASS" signature="connectedtoDB()[pri:0, instance:com.jsonasdataprovider.test.home.HomeTest@2a65fe7c]" name="connectedtoDB" is-config="true" duration-ms="0" started-at="2017-07-05T15:43:33Z" finished-at="2017-07-05T15:43:33Z">
          <reporter-output>
          </reporter-output>
        </test-method> <!-- connectedtoDB -->
        <test-method status="PASS" signature="beforemethodsetup()[pri:0, instance:com.jsonasdataprovider.test.home.HomeTest@2a65fe7c]" name="beforemethodsetup" is-config="true" duration-ms="27922" started-at="2017-07-05T15:43:33Z" finished-at="2017-07-05T15:44:01Z">
          <reporter-output>
          </reporter-output>
        </test-method> <!-- beforemethodsetup -->
        <test-method status="PASS" signature="testExtent()[pri:0, instance:com.jsonasdataprovider.test.home.HomeTest@2a65fe7c]" name="testExtent" duration-ms="12" started-at="2017-07-05T15:44:01Z" finished-at="2017-07-05T15:44:01Z">
          <reporter-output>
          </reporter-output>
        </test-method> <!-- testExtent -->
        <test-method status="PASS" signature="aftermethod()[pri:0, instance:com.jsonasdataprovider.test.home.HomeTest@2a65fe7c]" name="aftermethod" is-config="true" duration-ms="761" started-at="2017-07-05T15:44:01Z" finished-at="2017-07-05T15:44:02Z">
          <reporter-output>
          </reporter-output>
        </test-method> <!-- aftermethod -->
        <test-method status="PASS" signature="aftermethodsetup()[pri:0, instance:com.jsonasdataprovider.test.home.HomeTest@2a65fe7c]" name="aftermethodsetup" is-config="true" duration-ms="3513" started-at="2017-07-05T15:44:02Z" finished-at="2017-07-05T15:44:06Z">
          <reporter-output>
          </reporter-output>
        </test-method> <!-- aftermethodsetup -->
      </class> <!-- com.jsonasdataprovider.test.home.HomeTest -->
    </test> <!-- Macys data provider test -->
  </suite> <!-- Json data Test Suite -->
</testng-results>
